2025-09-14 01:17:51,670 - main - INFO - Application startup event triggered.
2025-09-14 01:17:51,671 - final_optimizer - INFO - Loading specialist AI models from './models/'...
2025-09-14 01:17:51,671 - final_optimizer - INFO -   - Loading model for target (5, 4) from gem_model_c5_e4.h5...
2025-09-14 01:17:52,285 - final_optimizer - INFO -   - Loading model for target (5, 1) from gem_model_c5_e1.h5...
2025-09-14 01:17:52,309 - final_optimizer - INFO -   - Loading model for target (5, 3) from gem_model_c5_e3.h5...
2025-09-14 01:17:52,332 - final_optimizer - INFO -   - Loading model for target (5, 5) from gem_model_c5_e5.h5...
2025-09-14 01:17:52,356 - final_optimizer - INFO -   - Loading model for target (5, 2) from gem_model_c5_e2.h5...
2025-09-14 01:17:52,377 - final_optimizer - INFO - Successfully loaded 5 specialist models.
2025-09-14 01:17:52,382 - final_optimizer - INFO - Successfully connected to Redis.
2025-09-14 01:17:52,383 - main - INFO - Application startup complete.
2025-09-14 01:19:12,778 - main - INFO - Received optimization request: {'cores': {'질서': ['고대', '유물'], '혼돈': []}, 'held_gems': [{'name': '질서의 젬 : 안정', 'core_point': 5, 'efficiency': 5}, {'name': '질서의 젬 : 안정', 'core_point': 5, 'efficiency': 4}], 'min_total_option_level': None, 'simulations_per_gem': 100, 'blue_crystal_price': 8000}
2025-09-14 01:19:12,779 - main - INFO - Fetching market prices...
2025-09-14 01:19:13,511 - main - INFO - --- Optimizing for 질서 gems ---
2025-09-14 01:19:13,515 - final_optimizer - INFO - Cache MISS for key: willpower_cost:3:core_type:질서:sims:100:crystal_price:8000. Calculating...
2025-09-14 01:19:13,516 - main - ERROR - An unexpected error occurred: name 'GEM_GRADES_ORDER' is not defined
Traceback (most recent call last):
  File "/app/main.py", line 103, in optimize_gems
    best_strategy = final_optimizer.find_best_strategy(remaining_info, current_gem_prices, crystal_gold_price, request.simulations_per_gem)
                    ^^^^^^^^^^^^^^^^^^^^^^^^^^^^^^^^^^^^^^^^^^^^^^^^^^^^^^^^^^^^^^^^^^^^^^^^^^^^^^^^^^^^^^^^^^^^^^^^^^^^^^^^^^^^^^^^^^^^^^^
  File "/app/final_optimizer.py", line 174, in find_best_strategy
    min_cost_option = self._calculate_min_cost_for_willpower(willpower_cost, gem_prices, crystal_price, core_type, simulations)
                      ^^^^^^^^^^^^^^^^^^^^^^^^^^^^^^^^^^^^^^^^^^^^^^^^^^^^^^^^^^^^^^^^^^^^^^^^^^^^^^^^^^^^^^^^^^^^^^^^^^^^^^^^^
  File "/app/final_optimizer.py", line 128, in _calculate_min_cost_for_willpower
    for material_grade_kr in GEM_GRADES_ORDER:
                             ^^^^^^^^^^^^^^^^
NameError: name 'GEM_GRADES_ORDER' is not defined
2025-09-14 01:21:25,484 - main - INFO - Application startup event triggered.
2025-09-14 01:21:25,485 - final_optimizer - INFO - Loading specialist AI models from './models/'...
2025-09-14 01:21:25,485 - final_optimizer - INFO -   - Loading model for target (5, 4) from gem_model_c5_e4.h5...
2025-09-14 01:21:26,028 - final_optimizer - INFO -   - Loading model for target (5, 1) from gem_model_c5_e1.h5...
2025-09-14 01:21:26,052 - final_optimizer - INFO -   - Loading model for target (5, 3) from gem_model_c5_e3.h5...
2025-09-14 01:21:26,076 - final_optimizer - INFO -   - Loading model for target (5, 5) from gem_model_c5_e5.h5...
2025-09-14 01:21:26,099 - final_optimizer - INFO -   - Loading model for target (5, 2) from gem_model_c5_e2.h5...
2025-09-14 01:21:26,122 - final_optimizer - INFO - Successfully loaded 5 specialist models.
2025-09-14 01:21:26,124 - final_optimizer - INFO - Successfully connected to Redis.
2025-09-14 01:21:26,125 - main - INFO - Application startup complete.
2025-09-14 01:21:37,693 - main - INFO - Received optimization request: {'cores': {'질서': ['고대', '유물'], '혼돈': []}, 'held_gems': [{'name': '질서의 젬 : 안정', 'core_point': 5, 'efficiency': 5}, {'name': '질서의 젬 : 안정', 'core_point': 5, 'efficiency': 3}], 'min_total_option_level': None, 'simulations_per_gem': 100, 'blue_crystal_price': 8000}
2025-09-14 01:21:37,693 - main - INFO - Fetching market prices...
2025-09-14 01:21:38,403 - main - INFO - --- Optimizing for 질서 gems ---
2025-09-14 01:21:38,405 - final_optimizer - INFO - Cache MISS for key: willpower_cost:3:core_type:질서:sims:100:crystal_price:8000. Calculating...
2025-09-14 01:21:38,405 - main - ERROR - An unexpected error occurred: name 'GRADE_MAP_KR_TO_EN' is not defined
Traceback (most recent call last):
  File "/app/main.py", line 103, in optimize_gems
    best_strategy = final_optimizer.find_best_strategy(remaining_info, current_gem_prices, crystal_gold_price, request.simulations_per_gem)
                    ^^^^^^^^^^^^^^^^^^^^^^^^^^^^^^^^^^^^^^^^^^^^^^^^^^^^^^^^^^^^^^^^^^^^^^^^^^^^^^^^^^^^^^^^^^^^^^^^^^^^^^^^^^^^^^^^^^^^^^^
  File "/app/final_optimizer.py", line 165, in find_best_strategy
    min_cost_option = self._calculate_min_cost_for_willpower(willpower_cost, gem_prices, crystal_price, core_type, simulations)
                      ^^^^^^^^^^^^^^^^^^^^^^^^^^^^^^^^^^^^^^^^^^^^^^^^^^^^^^^^^^^^^^^^^^^^^^^^^^^^^^^^^^^^^^^^^^^^^^^^^^^^^^^^^
  File "/app/final_optimizer.py", line 130, in _calculate_min_cost_for_willpower
    material_grade_en = GRADE_MAP_KR_TO_EN.get(material_grade_kr)
                        ^^^^^^^^^^^^^^^^^^
NameError: name 'GRADE_MAP_KR_TO_EN' is not defined
2025-09-14 01:23:21,515 - main - INFO - Application startup event triggered.
2025-09-14 01:23:21,515 - final_optimizer - INFO - Loading specialist AI models from './models/'...
2025-09-14 01:23:21,516 - final_optimizer - INFO -   - Loading model for target (5, 4) from gem_model_c5_e4.h5...
2025-09-14 01:23:22,052 - final_optimizer - INFO -   - Loading model for target (5, 1) from gem_model_c5_e1.h5...
2025-09-14 01:23:22,078 - final_optimizer - INFO -   - Loading model for target (5, 3) from gem_model_c5_e3.h5...
2025-09-14 01:23:22,102 - final_optimizer - INFO -   - Loading model for target (5, 5) from gem_model_c5_e5.h5...
2025-09-14 01:23:22,126 - final_optimizer - INFO -   - Loading model for target (5, 2) from gem_model_c5_e2.h5...
2025-09-14 01:23:22,149 - final_optimizer - INFO - Successfully loaded 5 specialist models.
2025-09-14 01:23:22,152 - final_optimizer - INFO - Successfully connected to Redis.
2025-09-14 01:23:22,152 - main - INFO - Application startup complete.
2025-09-14 01:23:30,044 - main - INFO - Received optimization request: {'cores': {'질서': ['고대', '유물'], '혼돈': []}, 'held_gems': [{'name': '질서의 젬 : 안정', 'core_point': 5, 'efficiency': 5}, {'name': '질서의 젬 : 안정', 'core_point': 5, 'efficiency': 3}], 'min_total_option_level': None, 'simulations_per_gem': 100, 'blue_crystal_price': 8000}
2025-09-14 01:23:30,044 - main - INFO - Fetching market prices...
2025-09-14 01:23:30,737 - main - INFO - --- Optimizing for 질서 gems ---
2025-09-14 01:23:30,739 - final_optimizer - INFO - Cache MISS for key: willpower_cost:3:core_type:질서:sims:100:crystal_price:8000. Calculating...
2025-09-14 01:23:30,740 - main - ERROR - An unexpected error occurred: name 'PEON_COST_PER_GEM' is not defined
Traceback (most recent call last):
  File "/app/main.py", line 103, in optimize_gems
    best_strategy = final_optimizer.find_best_strategy(remaining_info, current_gem_prices, crystal_gold_price, request.simulations_per_gem)
                    ^^^^^^^^^^^^^^^^^^^^^^^^^^^^^^^^^^^^^^^^^^^^^^^^^^^^^^^^^^^^^^^^^^^^^^^^^^^^^^^^^^^^^^^^^^^^^^^^^^^^^^^^^^^^^^^^^^^^^^^
  File "/app/final_optimizer.py", line 166, in find_best_strategy
    min_cost_option = self._calculate_min_cost_for_willpower(willpower_cost, gem_prices, crystal_price, core_type, simulations)
                      ^^^^^^^^^^^^^^^^^^^^^^^^^^^^^^^^^^^^^^^^^^^^^^^^^^^^^^^^^^^^^^^^^^^^^^^^^^^^^^^^^^^^^^^^^^^^^^^^^^^^^^^^^
  File "/app/final_optimizer.py", line 133, in _calculate_min_cost_for_willpower
    required_peons = PEON_COST_PER_GEM.get(material_grade_kr, 0)
                     ^^^^^^^^^^^^^^^^^
NameError: name 'PEON_COST_PER_GEM' is not defined
2025-09-14 01:24:54,477 - main - INFO - Application startup event triggered.
2025-09-14 01:24:54,477 - final_optimizer - INFO - Loading specialist AI models from './models/'...
2025-09-14 01:24:54,478 - final_optimizer - INFO -   - Loading model for target (5, 4) from gem_model_c5_e4.h5...
2025-09-14 01:24:54,999 - final_optimizer - INFO -   - Loading model for target (5, 1) from gem_model_c5_e1.h5...
2025-09-14 01:24:55,024 - final_optimizer - INFO -   - Loading model for target (5, 3) from gem_model_c5_e3.h5...
2025-09-14 01:24:55,048 - final_optimizer - INFO -   - Loading model for target (5, 5) from gem_model_c5_e5.h5...
2025-09-14 01:24:55,073 - final_optimizer - INFO -   - Loading model for target (5, 2) from gem_model_c5_e2.h5...
2025-09-14 01:24:55,095 - final_optimizer - INFO - Successfully loaded 5 specialist models.
2025-09-14 01:24:55,098 - final_optimizer - INFO - Successfully connected to Redis.
2025-09-14 01:24:55,099 - main - INFO - Application startup complete.
2025-09-14 01:25:03,000 - main - INFO - Received optimization request: {'cores': {'질서': ['고대', '유물'], '혼돈': []}, 'held_gems': [{'name': '질서의 젬 : 안정', 'core_point': 5, 'efficiency': 5}, {'name': '질서의 젬 : 안정', 'core_point': 5, 'efficiency': 3}], 'min_total_option_level': None, 'simulations_per_gem': 100, 'blue_crystal_price': 8000}
2025-09-14 01:25:03,000 - main - INFO - Fetching market prices...
2025-09-14 01:25:03,720 - main - INFO - --- Optimizing for 질서 gems ---
2025-09-14 01:25:03,732 - final_optimizer - INFO - Cache MISS for key: willpower_cost:3:core_type:질서:sims:100:crystal_price:8000. Calculating...
2025-09-14 01:25:03,733 - main - ERROR - An unexpected error occurred: name 'CRYSTALS_PER_PEON' is not defined
Traceback (most recent call last):
  File "/app/main.py", line 103, in optimize_gems
    best_strategy = final_optimizer.find_best_strategy(remaining_info, current_gem_prices, crystal_gold_price, request.simulations_per_gem)
                    ^^^^^^^^^^^^^^^^^^^^^^^^^^^^^^^^^^^^^^^^^^^^^^^^^^^^^^^^^^^^^^^^^^^^^^^^^^^^^^^^^^^^^^^^^^^^^^^^^^^^^^^^^^^^^^^^^^^^^^^
  File "/app/final_optimizer.py", line 167, in find_best_strategy
    min_cost_option = self._calculate_min_cost_for_willpower(willpower_cost, gem_prices, crystal_price, core_type, simulations)
                      ^^^^^^^^^^^^^^^^^^^^^^^^^^^^^^^^^^^^^^^^^^^^^^^^^^^^^^^^^^^^^^^^^^^^^^^^^^^^^^^^^^^^^^^^^^^^^^^^^^^^^^^^^
  File "/app/final_optimizer.py", line 135, in _calculate_min_cost_for_willpower
    required_crystals = required_peons * CRYSTALS_PER_PEON
                                         ^^^^^^^^^^^^^^^^^
NameError: name 'CRYSTALS_PER_PEON' is not defined
2025-09-14 01:26:43,900 - main - INFO - Application startup event triggered.
2025-09-14 01:26:43,901 - final_optimizer - INFO - Loading specialist AI models from './models/'...
2025-09-14 01:26:43,901 - final_optimizer - INFO -   - Loading model for target (5, 4) from gem_model_c5_e4.h5...
2025-09-14 01:26:44,421 - final_optimizer - INFO -   - Loading model for target (5, 1) from gem_model_c5_e1.h5...
2025-09-14 01:26:44,445 - final_optimizer - INFO -   - Loading model for target (5, 3) from gem_model_c5_e3.h5...
2025-09-14 01:26:44,468 - final_optimizer - INFO -   - Loading model for target (5, 5) from gem_model_c5_e5.h5...
2025-09-14 01:26:44,490 - final_optimizer - INFO -   - Loading model for target (5, 2) from gem_model_c5_e2.h5...
2025-09-14 01:26:44,513 - final_optimizer - INFO - Successfully loaded 5 specialist models.
2025-09-14 01:26:44,515 - final_optimizer - INFO - Successfully connected to Redis.
2025-09-14 01:26:44,515 - main - INFO - Application startup complete.
2025-09-14 01:26:51,637 - main - INFO - Received optimization request: {'cores': {'질서': ['고대', '유물'], '혼돈': []}, 'held_gems': [{'name': '질서의 젬 : 안정', 'core_point': 5, 'efficiency': 5}, {'name': '질서의 젬 : 안정', 'core_point': 5, 'efficiency': 3}], 'min_total_option_level': None, 'simulations_per_gem': 100, 'blue_crystal_price': 8000}
2025-09-14 01:26:51,637 - main - INFO - Fetching market prices...
2025-09-14 01:26:52,341 - main - INFO - --- Optimizing for 질서 gems ---
2025-09-14 01:26:52,345 - final_optimizer - INFO - Cache MISS for key: willpower_cost:3:core_type:질서:sims:100:crystal_price:8000. Calculating...
2025-09-14 01:27:16,319 - final_optimizer - INFO - Result for key willpower_cost:3:core_type:질서:sims:100:crystal_price:8000 stored in cache.
2025-09-14 01:27:16,320 - final_optimizer - INFO - Cache HIT for key: willpower_cost:3:core_type:질서:sims:100:crystal_price:8000
2025-09-14 01:27:16,320 - final_optimizer - INFO - Cache MISS for key: willpower_cost:6:core_type:질서:sims:100:crystal_price:8000. Calculating...
2025-09-14 01:28:36,397 - final_optimizer - INFO - Result for key willpower_cost:6:core_type:질서:sims:100:crystal_price:8000 stored in cache.
2025-09-14 01:28:36,398 - final_optimizer - INFO - Cache HIT for key: willpower_cost:3:core_type:질서:sims:100:crystal_price:8000
2025-09-14 01:28:36,398 - final_optimizer - INFO - Cache MISS for key: willpower_cost:4:core_type:질서:sims:100:crystal_price:8000. Calculating...
2025-09-14 01:29:27,887 - final_optimizer - INFO - Result for key willpower_cost:4:core_type:질서:sims:100:crystal_price:8000 stored in cache.
2025-09-14 01:29:27,887 - final_optimizer - INFO - Cache MISS for key: willpower_cost:5:core_type:질서:sims:100:crystal_price:8000. Calculating...
2025-09-14 01:30:37,831 - final_optimizer - INFO - Result for key willpower_cost:5:core_type:질서:sims:100:crystal_price:8000 stored in cache.
2025-09-14 01:30:37,831 - final_optimizer - INFO - Cache HIT for key: willpower_cost:4:core_type:질서:sims:100:crystal_price:8000
2025-09-14 01:30:37,832 - final_optimizer - INFO - Cache HIT for key: willpower_cost:4:core_type:질서:sims:100:crystal_price:8000
2025-09-14 01:30:37,832 - final_optimizer - INFO - Cache HIT for key: willpower_cost:4:core_type:질서:sims:100:crystal_price:8000
2025-09-14 01:30:37,844 - final_optimizer - INFO - Cache HIT for key: willpower_cost:3:core_type:질서:sims:100:crystal_price:8000
2025-09-14 01:30:37,845 - final_optimizer - INFO - Cache HIT for key: willpower_cost:3:core_type:질서:sims:100:crystal_price:8000
2025-09-14 01:30:37,845 - final_optimizer - INFO - Cache HIT for key: willpower_cost:6:core_type:질서:sims:100:crystal_price:8000
2025-09-14 01:30:37,846 - final_optimizer - INFO - Cache HIT for key: willpower_cost:3:core_type:질서:sims:100:crystal_price:8000
2025-09-14 01:30:37,846 - final_optimizer - INFO - Cache HIT for key: willpower_cost:4:core_type:질서:sims:100:crystal_price:8000
2025-09-14 01:30:37,847 - final_optimizer - INFO - Cache HIT for key: willpower_cost:5:core_type:질서:sims:100:crystal_price:8000
2025-09-14 01:30:37,847 - final_optimizer - INFO - Cache HIT for key: willpower_cost:4:core_type:질서:sims:100:crystal_price:8000
2025-09-14 01:30:37,847 - final_optimizer - INFO - Cache HIT for key: willpower_cost:4:core_type:질서:sims:100:crystal_price:8000
2025-09-14 01:30:37,848 - final_optimizer - INFO - Cache HIT for key: willpower_cost:4:core_type:질서:sims:100:crystal_price:8000
2025-09-14 01:30:37,848 - main - INFO - Optimization successful. Total cost: 2752362
2025-09-14 01:30:53,022 - main - INFO - Received optimization request: {'cores': {'질서': ['고대', '유물'], '혼돈': []}, 'held_gems': [{'name': '질서의 젬 : 안정', 'core_point': 5, 'efficiency': 5}, {'name': '질서의 젬 : 안정', 'core_point': 5, 'efficiency': 3}], 'min_total_option_level': None, 'simulations_per_gem': 100, 'blue_crystal_price': 8000}
2025-09-14 01:30:53,023 - main - INFO - Fetching market prices...
2025-09-14 01:30:53,750 - main - INFO - --- Optimizing for 질서 gems ---
2025-09-14 01:30:53,756 - final_optimizer - INFO - Cache HIT for key: willpower_cost:3:core_type:질서:sims:100:crystal_price:8000
2025-09-14 01:30:53,759 - final_optimizer - INFO - Cache HIT for key: willpower_cost:3:core_type:질서:sims:100:crystal_price:8000
2025-09-14 01:30:53,761 - final_optimizer - INFO - Cache HIT for key: willpower_cost:6:core_type:질서:sims:100:crystal_price:8000
2025-09-14 01:30:53,763 - final_optimizer - INFO - Cache HIT for key: willpower_cost:3:core_type:질서:sims:100:crystal_price:8000
2025-09-14 01:30:53,766 - final_optimizer - INFO - Cache HIT for key: willpower_cost:4:core_type:질서:sims:100:crystal_price:8000
2025-09-14 01:30:53,768 - final_optimizer - INFO - Cache HIT for key: willpower_cost:5:core_type:질서:sims:100:crystal_price:8000
2025-09-14 01:30:53,770 - final_optimizer - INFO - Cache HIT for key: willpower_cost:4:core_type:질서:sims:100:crystal_price:8000
2025-09-14 01:30:53,771 - final_optimizer - INFO - Cache HIT for key: willpower_cost:4:core_type:질서:sims:100:crystal_price:8000
2025-09-14 01:30:53,773 - final_optimizer - INFO - Cache HIT for key: willpower_cost:4:core_type:질서:sims:100:crystal_price:8000
2025-09-14 01:30:53,774 - final_optimizer - INFO - Cache HIT for key: willpower_cost:3:core_type:질서:sims:100:crystal_price:8000
2025-09-14 01:30:53,775 - final_optimizer - INFO - Cache HIT for key: willpower_cost:3:core_type:질서:sims:100:crystal_price:8000
2025-09-14 01:30:53,776 - final_optimizer - INFO - Cache HIT for key: willpower_cost:6:core_type:질서:sims:100:crystal_price:8000
2025-09-14 01:30:53,778 - final_optimizer - INFO - Cache HIT for key: willpower_cost:3:core_type:질서:sims:100:crystal_price:8000
2025-09-14 01:30:53,779 - final_optimizer - INFO - Cache HIT for key: willpower_cost:4:core_type:질서:sims:100:crystal_price:8000
2025-09-14 01:30:53,780 - final_optimizer - INFO - Cache HIT for key: willpower_cost:5:core_type:질서:sims:100:crystal_price:8000
2025-09-14 01:30:53,780 - final_optimizer - INFO - Cache HIT for key: willpower_cost:4:core_type:질서:sims:100:crystal_price:8000
2025-09-14 01:30:53,781 - final_optimizer - INFO - Cache HIT for key: willpower_cost:4:core_type:질서:sims:100:crystal_price:8000
2025-09-14 01:30:53,782 - final_optimizer - INFO - Cache HIT for key: willpower_cost:4:core_type:질서:sims:100:crystal_price:8000
2025-09-14 01:30:53,783 - main - INFO - Optimization successful. Total cost: 2752362
2025-09-14 01:35:05,323 - final_optimizer - INFO - Loading specialist AI models from './models/'...
2025-09-14 01:35:05,324 - final_optimizer - INFO -   - Loading model for target (5, 4) from gem_model_c5_e4.h5...
2025-09-14 01:35:05,835 - final_optimizer - INFO -   - Loading model for target (5, 1) from gem_model_c5_e1.h5...
2025-09-14 01:35:05,862 - final_optimizer - INFO -   - Loading model for target (5, 3) from gem_model_c5_e3.h5...
2025-09-14 01:35:05,887 - final_optimizer - INFO -   - Loading model for target (5, 5) from gem_model_c5_e5.h5...
2025-09-14 01:35:05,912 - final_optimizer - INFO -   - Loading model for target (5, 2) from gem_model_c5_e2.h5...
2025-09-14 01:35:05,935 - final_optimizer - INFO - Successfully loaded 5 specialist models.
2025-09-14 01:35:05,937 - final_optimizer - INFO - Successfully connected to Redis.
2025-09-14 01:41:38,431 - main - INFO - Task b3442f60-08d2-41de-bb28-f22cbe8867e1 has been created and is running in the background.
2025-09-14 01:41:38,438 - main - INFO - Task b3442f60-08d2-41de-bb28-f22cbe8867e1: Starting optimization.
2025-09-14 01:41:38,454 - main - INFO - WebSocket connection established for task b3442f60-08d2-41de-bb28-f22cbe8867e1
2025-09-14 01:41:38,471 - main - INFO - WebSocket connection established for task b3442f60-08d2-41de-bb28-f22cbe8867e1
2025-09-14 01:41:39,169 - final_optimizer - INFO - Cache HIT for key: willpower_cost:3:core_type:질서:sims:100:crystal_price:8000
2025-09-14 01:41:39,171 - final_optimizer - INFO - Cache HIT for key: willpower_cost:3:core_type:질서:sims:100:crystal_price:8000
2025-09-14 01:41:39,172 - final_optimizer - INFO - Cache HIT for key: willpower_cost:6:core_type:질서:sims:100:crystal_price:8000
2025-09-14 01:41:39,173 - final_optimizer - INFO - Cache HIT for key: willpower_cost:3:core_type:질서:sims:100:crystal_price:8000
2025-09-14 01:41:39,174 - final_optimizer - INFO - Cache HIT for key: willpower_cost:4:core_type:질서:sims:100:crystal_price:8000
2025-09-14 01:41:39,175 - final_optimizer - INFO - Cache HIT for key: willpower_cost:5:core_type:질서:sims:100:crystal_price:8000
2025-09-14 01:41:39,175 - final_optimizer - INFO - Cache HIT for key: willpower_cost:4:core_type:질서:sims:100:crystal_price:8000
2025-09-14 01:41:39,176 - final_optimizer - INFO - Cache HIT for key: willpower_cost:4:core_type:질서:sims:100:crystal_price:8000
2025-09-14 01:41:39,176 - final_optimizer - INFO - Cache HIT for key: willpower_cost:4:core_type:질서:sims:100:crystal_price:8000
2025-09-14 01:41:39,176 - final_optimizer - INFO - Cache HIT for key: willpower_cost:3:core_type:질서:sims:100:crystal_price:8000
2025-09-14 01:41:39,177 - final_optimizer - INFO - Cache HIT for key: willpower_cost:3:core_type:질서:sims:100:crystal_price:8000
2025-09-14 01:41:39,177 - final_optimizer - INFO - Cache HIT for key: willpower_cost:6:core_type:질서:sims:100:crystal_price:8000
2025-09-14 01:41:39,178 - final_optimizer - INFO - Cache HIT for key: willpower_cost:3:core_type:질서:sims:100:crystal_price:8000
2025-09-14 01:41:39,178 - final_optimizer - INFO - Cache HIT for key: willpower_cost:4:core_type:질서:sims:100:crystal_price:8000
2025-09-14 01:41:39,178 - final_optimizer - INFO - Cache HIT for key: willpower_cost:5:core_type:질서:sims:100:crystal_price:8000
2025-09-14 01:41:39,179 - final_optimizer - INFO - Cache HIT for key: willpower_cost:4:core_type:질서:sims:100:crystal_price:8000
2025-09-14 01:41:39,179 - final_optimizer - INFO - Cache HIT for key: willpower_cost:4:core_type:질서:sims:100:crystal_price:8000
2025-09-14 01:41:39,179 - final_optimizer - INFO - Cache HIT for key: willpower_cost:4:core_type:질서:sims:100:crystal_price:8000
2025-09-14 01:41:39,180 - main - INFO - Task b3442f60-08d2-41de-bb28-f22cbe8867e1: Optimization completed successfully.
2025-09-14 01:41:39,455 - main - INFO - Task b3442f60-08d2-41de-bb28-f22cbe8867e1 finished. Closing WebSocket.
2025-09-14 01:41:56,062 - main - INFO - Task 83ee3e72-d720-419b-b834-867da8cb8ae5 has been created and is running in the background.
2025-09-14 01:41:56,063 - main - INFO - Task 83ee3e72-d720-419b-b834-867da8cb8ae5: Starting optimization.
2025-09-14 01:41:56,077 - main - INFO - WebSocket connection established for task 83ee3e72-d720-419b-b834-867da8cb8ae5
2025-09-14 01:41:56,108 - main - INFO - WebSocket connection established for task 83ee3e72-d720-419b-b834-867da8cb8ae5
2025-09-14 01:41:56,798 - final_optimizer - INFO - Cache HIT for key: willpower_cost:3:core_type:질서:sims:100:crystal_price:8000
2025-09-14 01:41:56,799 - final_optimizer - INFO - Cache HIT for key: willpower_cost:3:core_type:질서:sims:100:crystal_price:8000
2025-09-14 01:41:56,799 - final_optimizer - INFO - Cache MISS for key: willpower_cost:7:core_type:질서:sims:100:crystal_price:8000. Calculating...
2025-09-14 01:43:02,889 - final_optimizer - INFO - Result for key willpower_cost:7:core_type:질서:sims:100:crystal_price:8000 stored in cache.
2025-09-14 01:43:02,889 - final_optimizer - INFO - Cache HIT for key: willpower_cost:3:core_type:질서:sims:100:crystal_price:8000
2025-09-14 01:43:02,890 - final_optimizer - INFO - Cache HIT for key: willpower_cost:4:core_type:질서:sims:100:crystal_price:8000
2025-09-14 01:43:02,890 - final_optimizer - INFO - Cache HIT for key: willpower_cost:6:core_type:질서:sims:100:crystal_price:8000
2025-09-14 01:43:02,891 - final_optimizer - INFO - Cache HIT for key: willpower_cost:3:core_type:질서:sims:100:crystal_price:8000
2025-09-14 01:43:02,891 - final_optimizer - INFO - Cache HIT for key: willpower_cost:5:core_type:질서:sims:100:crystal_price:8000
2025-09-14 01:43:02,891 - final_optimizer - INFO - Cache HIT for key: willpower_cost:5:core_type:질서:sims:100:crystal_price:8000
2025-09-14 01:43:02,892 - final_optimizer - INFO - Cache HIT for key: willpower_cost:4:core_type:질서:sims:100:crystal_price:8000
2025-09-14 01:43:02,892 - final_optimizer - INFO - Cache HIT for key: willpower_cost:4:core_type:질서:sims:100:crystal_price:8000
2025-09-14 01:43:02,892 - final_optimizer - INFO - Cache HIT for key: willpower_cost:5:core_type:질서:sims:100:crystal_price:8000
2025-09-14 01:43:02,893 - final_optimizer - INFO - Cache HIT for key: willpower_cost:3:core_type:질서:sims:100:crystal_price:8000
2025-09-14 01:43:02,893 - final_optimizer - INFO - Cache HIT for key: willpower_cost:3:core_type:질서:sims:100:crystal_price:8000
2025-09-14 01:43:02,894 - final_optimizer - INFO - Cache MISS for key: willpower_cost:8:core_type:질서:sims:100:crystal_price:8000. Calculating...
2025-09-14 01:43:44,012 - final_optimizer - INFO - Result for key willpower_cost:8:core_type:질서:sims:100:crystal_price:8000 stored in cache.
2025-09-14 01:43:44,012 - final_optimizer - INFO - Cache HIT for key: willpower_cost:3:core_type:질서:sims:100:crystal_price:8000
2025-09-14 01:43:44,013 - final_optimizer - INFO - Cache HIT for key: willpower_cost:4:core_type:질서:sims:100:crystal_price:8000
2025-09-14 01:43:44,013 - final_optimizer - INFO - Cache HIT for key: willpower_cost:7:core_type:질서:sims:100:crystal_price:8000
2025-09-14 01:43:44,013 - final_optimizer - INFO - Cache HIT for key: willpower_cost:3:core_type:질서:sims:100:crystal_price:8000
2025-09-14 01:43:44,014 - final_optimizer - INFO - Cache HIT for key: willpower_cost:5:core_type:질서:sims:100:crystal_price:8000
2025-09-14 01:43:44,014 - final_optimizer - INFO - Cache HIT for key: willpower_cost:6:core_type:질서:sims:100:crystal_price:8000
2025-09-14 01:43:44,015 - final_optimizer - INFO - Cache HIT for key: willpower_cost:4:core_type:질서:sims:100:crystal_price:8000
2025-09-14 01:43:44,016 - final_optimizer - INFO - Cache HIT for key: willpower_cost:4:core_type:질서:sims:100:crystal_price:8000
2025-09-14 01:43:44,016 - final_optimizer - INFO - Cache HIT for key: willpower_cost:6:core_type:질서:sims:100:crystal_price:8000
2025-09-14 01:43:44,017 - final_optimizer - INFO - Cache HIT for key: willpower_cost:4:core_type:질서:sims:100:crystal_price:8000
2025-09-14 01:43:44,017 - final_optimizer - INFO - Cache HIT for key: willpower_cost:5:core_type:질서:sims:100:crystal_price:8000
2025-09-14 01:43:44,018 - final_optimizer - INFO - Cache HIT for key: willpower_cost:5:core_type:질서:sims:100:crystal_price:8000
2025-09-14 01:43:44,019 - final_optimizer - INFO - Cache MISS for key: willpower_cost:3:core_type:혼돈:sims:100:crystal_price:8000. Calculating...
2025-09-14 01:44:04,167 - final_optimizer - INFO - Result for key willpower_cost:3:core_type:혼돈:sims:100:crystal_price:8000 stored in cache.
2025-09-14 01:44:04,168 - final_optimizer - INFO - Cache HIT for key: willpower_cost:3:core_type:혼돈:sims:100:crystal_price:8000
2025-09-14 01:44:04,168 - final_optimizer - INFO - Cache MISS for key: willpower_cost:8:core_type:혼돈:sims:100:crystal_price:8000. Calculating...
2025-09-14 01:44:47,575 - final_optimizer - INFO - Result for key willpower_cost:8:core_type:혼돈:sims:100:crystal_price:8000 stored in cache.
2025-09-14 01:44:47,576 - final_optimizer - INFO - Cache HIT for key: willpower_cost:3:core_type:혼돈:sims:100:crystal_price:8000
2025-09-14 01:44:47,577 - final_optimizer - INFO - Cache MISS for key: willpower_cost:4:core_type:혼돈:sims:100:crystal_price:8000. Calculating...
2025-09-14 01:45:46,134 - final_optimizer - INFO - Result for key willpower_cost:4:core_type:혼돈:sims:100:crystal_price:8000 stored in cache.
2025-09-14 01:45:46,134 - final_optimizer - INFO - Cache MISS for key: willpower_cost:7:core_type:혼돈:sims:100:crystal_price:8000. Calculating...
2025-09-14 01:47:09,376 - final_optimizer - INFO - Result for key willpower_cost:7:core_type:혼돈:sims:100:crystal_price:8000 stored in cache.
2025-09-14 01:47:09,376 - final_optimizer - INFO - Cache HIT for key: willpower_cost:3:core_type:혼돈:sims:100:crystal_price:8000
2025-09-14 01:47:09,377 - final_optimizer - INFO - Cache MISS for key: willpower_cost:5:core_type:혼돈:sims:100:crystal_price:8000. Calculating...
2025-09-14 01:48:30,722 - final_optimizer - INFO - Result for key willpower_cost:5:core_type:혼돈:sims:100:crystal_price:8000 stored in cache.
2025-09-14 01:48:30,723 - final_optimizer - INFO - Cache MISS for key: willpower_cost:6:core_type:혼돈:sims:100:crystal_price:8000. Calculating...
2025-09-14 01:49:56,955 - final_optimizer - INFO - Result for key willpower_cost:6:core_type:혼돈:sims:100:crystal_price:8000 stored in cache.
2025-09-14 01:49:56,956 - final_optimizer - INFO - Cache HIT for key: willpower_cost:4:core_type:혼돈:sims:100:crystal_price:8000
2025-09-14 01:49:56,957 - final_optimizer - INFO - Cache HIT for key: willpower_cost:4:core_type:혼돈:sims:100:crystal_price:8000
2025-09-14 01:49:56,957 - final_optimizer - INFO - Cache HIT for key: willpower_cost:6:core_type:혼돈:sims:100:crystal_price:8000
2025-09-14 01:49:56,958 - final_optimizer - INFO - Cache HIT for key: willpower_cost:4:core_type:혼돈:sims:100:crystal_price:8000
2025-09-14 01:49:56,959 - final_optimizer - INFO - Cache HIT for key: willpower_cost:5:core_type:혼돈:sims:100:crystal_price:8000
2025-09-14 01:49:56,959 - final_optimizer - INFO - Cache HIT for key: willpower_cost:5:core_type:혼돈:sims:100:crystal_price:8000
2025-09-14 01:49:56,960 - main - INFO - Task 83ee3e72-d720-419b-b834-867da8cb8ae5: Optimization completed successfully.
2025-09-14 01:49:57,859 - main - INFO - Task 83ee3e72-d720-419b-b834-867da8cb8ae5 finished. Closing WebSocket.
2025-09-14 02:03:26,081 - final_optimizer - INFO - Loading specialist AI models from './models/'...
2025-09-14 02:03:26,082 - final_optimizer - INFO -   - Loading model for target (5, 4) from gem_model_c5_e4.h5...
2025-09-14 02:03:26,676 - final_optimizer - INFO -   - Loading model for target (5, 1) from gem_model_c5_e1.h5...
2025-09-14 02:03:26,699 - final_optimizer - INFO -   - Loading model for target (5, 3) from gem_model_c5_e3.h5...
2025-09-14 02:03:26,723 - final_optimizer - INFO -   - Loading model for target (5, 5) from gem_model_c5_e5.h5...
2025-09-14 02:03:26,746 - final_optimizer - INFO -   - Loading model for target (5, 2) from gem_model_c5_e2.h5...
2025-09-14 02:03:26,769 - final_optimizer - INFO - Successfully loaded 5 specialist models.
2025-09-14 02:03:26,771 - final_optimizer - INFO - Successfully connected to Redis.
2025-09-14 02:03:30,455 - main - INFO - Request received for /markets/gems
2025-09-14 02:06:03,489 - main - INFO - Request received for /markets/gems
2025-09-14 02:06:04,193 - main - INFO - Request received for /markets/gems
2025-09-14 02:06:04,899 - main - INFO - Request received for /markets/gems
2025-09-14 02:11:18,622 - main - INFO - Request received for /markets/gems
2025-09-14 02:11:19,354 - main - INFO - Request received for /markets/gems
2025-09-14 02:12:45,210 - main - INFO - Request received for /markets/gems
2025-09-14 02:12:45,942 - main - INFO - Request received for /markets/gems
2025-09-14 02:14:06,084 - main - INFO - Request received for /markets/gems
2025-09-14 02:14:06,807 - main - INFO - Request received for /markets/gems
2025-09-14 02:14:15,608 - main - INFO - Request received for /markets/gems
2025-09-14 02:14:16,327 - main - INFO - Request received for /markets/gems
2025-09-14 02:16:09,555 - main - INFO - Task 22b082c0-80c8-4a36-9946-7bf44e23af01 has been created and is running in the background.
2025-09-14 02:16:09,570 - main - INFO - Task 22b082c0-80c8-4a36-9946-7bf44e23af01: Starting optimization.
2025-09-14 02:16:09,585 - main - INFO - WebSocket connection established for task 22b082c0-80c8-4a36-9946-7bf44e23af01
2025-09-14 02:16:09,608 - main - INFO - WebSocket connection established for task 22b082c0-80c8-4a36-9946-7bf44e23af01
2025-09-14 02:16:10,311 - final_optimizer - INFO - Cache HIT for key: willpower_cost:3:core_type:질서:sims:100:crystal_price:8000
2025-09-14 02:16:10,312 - final_optimizer - INFO - Cache HIT for key: willpower_cost:3:core_type:질서:sims:100:crystal_price:8000
2025-09-14 02:16:10,313 - final_optimizer - INFO - Cache HIT for key: willpower_cost:3:core_type:질서:sims:100:crystal_price:8000
2025-09-14 02:16:10,314 - final_optimizer - INFO - Cache HIT for key: willpower_cost:6:core_type:질서:sims:100:crystal_price:8000
2025-09-14 02:16:10,315 - final_optimizer - INFO - Cache HIT for key: willpower_cost:3:core_type:질서:sims:100:crystal_price:8000
2025-09-14 02:16:10,316 - final_optimizer - INFO - Cache HIT for key: willpower_cost:3:core_type:질서:sims:100:crystal_price:8000
2025-09-14 02:16:10,317 - final_optimizer - INFO - Cache HIT for key: willpower_cost:4:core_type:질서:sims:100:crystal_price:8000
2025-09-14 02:16:10,318 - final_optimizer - INFO - Cache HIT for key: willpower_cost:5:core_type:질서:sims:100:crystal_price:8000
2025-09-14 02:16:10,318 - final_optimizer - INFO - Cache HIT for key: willpower_cost:3:core_type:질서:sims:100:crystal_price:8000
2025-09-14 02:16:10,319 - final_optimizer - INFO - Cache HIT for key: willpower_cost:4:core_type:질서:sims:100:crystal_price:8000
2025-09-14 02:16:10,321 - final_optimizer - INFO - Cache HIT for key: willpower_cost:4:core_type:질서:sims:100:crystal_price:8000
2025-09-14 02:16:10,321 - final_optimizer - INFO - Cache HIT for key: willpower_cost:4:core_type:질서:sims:100:crystal_price:8000
2025-09-14 02:16:10,322 - final_optimizer - INFO - Cache HIT for key: willpower_cost:3:core_type:질서:sims:100:crystal_price:8000
2025-09-14 02:16:10,322 - final_optimizer - INFO - Cache HIT for key: willpower_cost:3:core_type:질서:sims:100:crystal_price:8000
2025-09-14 02:16:10,323 - final_optimizer - INFO - Cache HIT for key: willpower_cost:7:core_type:질서:sims:100:crystal_price:8000
2025-09-14 02:16:10,323 - final_optimizer - INFO - Cache HIT for key: willpower_cost:3:core_type:질서:sims:100:crystal_price:8000
2025-09-14 02:16:10,324 - final_optimizer - INFO - Cache HIT for key: willpower_cost:4:core_type:질서:sims:100:crystal_price:8000
2025-09-14 02:16:10,325 - final_optimizer - INFO - Cache HIT for key: willpower_cost:6:core_type:질서:sims:100:crystal_price:8000
2025-09-14 02:16:10,326 - final_optimizer - INFO - Cache HIT for key: willpower_cost:3:core_type:질서:sims:100:crystal_price:8000
2025-09-14 02:16:10,326 - final_optimizer - INFO - Cache HIT for key: willpower_cost:5:core_type:질서:sims:100:crystal_price:8000
2025-09-14 02:16:10,327 - final_optimizer - INFO - Cache HIT for key: willpower_cost:5:core_type:질서:sims:100:crystal_price:8000
2025-09-14 02:16:10,328 - final_optimizer - INFO - Cache HIT for key: willpower_cost:4:core_type:질서:sims:100:crystal_price:8000
2025-09-14 02:16:10,328 - final_optimizer - INFO - Cache HIT for key: willpower_cost:4:core_type:질서:sims:100:crystal_price:8000
2025-09-14 02:16:10,329 - final_optimizer - INFO - Cache HIT for key: willpower_cost:5:core_type:질서:sims:100:crystal_price:8000
2025-09-14 02:16:10,329 - main - INFO - Task 22b082c0-80c8-4a36-9946-7bf44e23af01: Optimization completed successfully.
2025-09-14 02:16:10,587 - main - INFO - Task 22b082c0-80c8-4a36-9946-7bf44e23af01 finished. Closing WebSocket.
2025-09-14 02:16:10,610 - main - WARNING - WebSocket connection closed for task 22b082c0-80c8-4a36-9946-7bf44e23af01
2025-09-14 02:16:29,409 - main - INFO - Request received for /markets/gems
2025-09-14 02:16:30,132 - main - INFO - Request received for /markets/gems
2025-09-14 02:16:48,374 - main - INFO - Request received for /markets/gems
2025-09-14 02:16:49,583 - main - INFO - Request received for /markets/gems
2025-09-14 02:17:25,434 - main - INFO - Request received for /markets/gems
2025-09-14 02:17:26,165 - main - INFO - Request received for /markets/gems
2025-09-14 02:17:34,691 - main - INFO - Request received for /markets/gems
2025-09-14 02:17:35,392 - main - INFO - Request received for /markets/gems
2025-09-14 02:19:53,923 - main - INFO - Task 392ce131-da6e-4ac8-9013-9299310b08da has been created and is running in the background.
2025-09-14 02:19:53,924 - main - INFO - Task 392ce131-da6e-4ac8-9013-9299310b08da: Starting optimization.
2025-09-14 02:19:53,940 - main - INFO - WebSocket connection established for task 392ce131-da6e-4ac8-9013-9299310b08da
2025-09-14 02:19:53,964 - main - INFO - WebSocket connection established for task 392ce131-da6e-4ac8-9013-9299310b08da
2025-09-14 02:19:54,646 - final_optimizer - INFO - Cache MISS for key: willpower_cost:3:core_type:질서:sims:100:crystal_price:8700. Calculating...
2025-09-14 02:20:20,816 - final_optimizer - INFO - Result for key willpower_cost:3:core_type:질서:sims:100:crystal_price:8700 stored in cache.
2025-09-14 02:20:20,817 - final_optimizer - INFO - Cache HIT for key: willpower_cost:3:core_type:질서:sims:100:crystal_price:8700
2025-09-14 02:20:20,818 - final_optimizer - INFO - Cache MISS for key: willpower_cost:4:core_type:질서:sims:100:crystal_price:8700. Calculating...
2025-09-14 02:21:16,131 - final_optimizer - INFO - Result for key willpower_cost:4:core_type:질서:sims:100:crystal_price:8700 stored in cache.
2025-09-14 02:21:16,132 - final_optimizer - INFO - Cache HIT for key: willpower_cost:3:core_type:질서:sims:100:crystal_price:8700
2025-09-14 02:21:16,132 - final_optimizer - INFO - Cache HIT for key: willpower_cost:3:core_type:질서:sims:100:crystal_price:8700
2025-09-14 02:21:16,134 - final_optimizer - INFO - Cache HIT for key: willpower_cost:3:core_type:질서:sims:100:crystal_price:8700
2025-09-14 02:21:16,135 - final_optimizer - INFO - Cache MISS for key: willpower_cost:6:core_type:질서:sims:100:crystal_price:8700. Calculating...
2025-09-14 02:22:39,538 - final_optimizer - INFO - Result for key willpower_cost:6:core_type:질서:sims:100:crystal_price:8700 stored in cache.
2025-09-14 02:22:39,539 - final_optimizer - INFO - Cache HIT for key: willpower_cost:3:core_type:질서:sims:100:crystal_price:8700
2025-09-14 02:22:39,539 - final_optimizer - INFO - Cache HIT for key: willpower_cost:3:core_type:질서:sims:100:crystal_price:8700
2025-09-14 02:22:39,540 - final_optimizer - INFO - Cache HIT for key: willpower_cost:4:core_type:질서:sims:100:crystal_price:8700
2025-09-14 02:22:39,540 - final_optimizer - INFO - Cache MISS for key: willpower_cost:5:core_type:질서:sims:100:crystal_price:8700. Calculating...
2025-09-14 02:23:57,812 - final_optimizer - INFO - Result for key willpower_cost:5:core_type:질서:sims:100:crystal_price:8700 stored in cache.
2025-09-14 02:23:57,813 - final_optimizer - INFO - Cache HIT for key: willpower_cost:3:core_type:질서:sims:100:crystal_price:8700
2025-09-14 02:23:57,813 - final_optimizer - INFO - Cache HIT for key: willpower_cost:4:core_type:질서:sims:100:crystal_price:8700
2025-09-14 02:23:57,814 - final_optimizer - INFO - Cache HIT for key: willpower_cost:4:core_type:질서:sims:100:crystal_price:8700
2025-09-14 02:23:57,814 - final_optimizer - INFO - Cache HIT for key: willpower_cost:4:core_type:질서:sims:100:crystal_price:8700
2025-09-14 02:23:57,815 - final_optimizer - INFO - Cache HIT for key: willpower_cost:3:core_type:질서:sims:100:crystal_price:8700
2025-09-14 02:23:57,815 - final_optimizer - INFO - Cache HIT for key: willpower_cost:3:core_type:질서:sims:100:crystal_price:8700
2025-09-14 02:23:57,815 - final_optimizer - INFO - Cache HIT for key: willpower_cost:6:core_type:질서:sims:100:crystal_price:8700
2025-09-14 02:23:57,816 - final_optimizer - INFO - Cache HIT for key: willpower_cost:3:core_type:질서:sims:100:crystal_price:8700
2025-09-14 02:23:57,816 - final_optimizer - INFO - Cache HIT for key: willpower_cost:4:core_type:질서:sims:100:crystal_price:8700
2025-09-14 02:23:57,817 - final_optimizer - INFO - Cache HIT for key: willpower_cost:5:core_type:질서:sims:100:crystal_price:8700
2025-09-14 02:23:57,817 - final_optimizer - INFO - Cache HIT for key: willpower_cost:4:core_type:질서:sims:100:crystal_price:8700
2025-09-14 02:23:57,817 - final_optimizer - INFO - Cache HIT for key: willpower_cost:4:core_type:질서:sims:100:crystal_price:8700
2025-09-14 02:23:57,818 - final_optimizer - INFO - Cache HIT for key: willpower_cost:4:core_type:질서:sims:100:crystal_price:8700
2025-09-14 02:23:57,819 - final_optimizer - INFO - Cache MISS for key: willpower_cost:3:core_type:혼돈:sims:100:crystal_price:8700. Calculating...
2025-09-14 02:24:22,119 - final_optimizer - INFO - Result for key willpower_cost:3:core_type:혼돈:sims:100:crystal_price:8700 stored in cache.
2025-09-14 02:24:22,119 - final_optimizer - INFO - Cache HIT for key: willpower_cost:3:core_type:혼돈:sims:100:crystal_price:8700
2025-09-14 02:24:22,119 - final_optimizer - INFO - Cache HIT for key: willpower_cost:3:core_type:혼돈:sims:100:crystal_price:8700
2025-09-14 02:24:22,120 - final_optimizer - INFO - Cache MISS for key: willpower_cost:6:core_type:혼돈:sims:100:crystal_price:8700. Calculating...
2025-09-14 02:25:38,545 - final_optimizer - INFO - Result for key willpower_cost:6:core_type:혼돈:sims:100:crystal_price:8700 stored in cache.
2025-09-14 02:25:38,545 - final_optimizer - INFO - Cache HIT for key: willpower_cost:3:core_type:혼돈:sims:100:crystal_price:8700
2025-09-14 02:25:38,546 - final_optimizer - INFO - Cache HIT for key: willpower_cost:3:core_type:혼돈:sims:100:crystal_price:8700
2025-09-14 02:25:38,547 - final_optimizer - INFO - Cache MISS for key: willpower_cost:4:core_type:혼돈:sims:100:crystal_price:8700. Calculating...
2025-09-14 02:26:34,788 - final_optimizer - INFO - Result for key willpower_cost:4:core_type:혼돈:sims:100:crystal_price:8700 stored in cache.
2025-09-14 02:26:34,788 - final_optimizer - INFO - Cache MISS for key: willpower_cost:5:core_type:혼돈:sims:100:crystal_price:8700. Calculating...
2025-09-14 02:27:53,012 - final_optimizer - INFO - Result for key willpower_cost:5:core_type:혼돈:sims:100:crystal_price:8700 stored in cache.
2025-09-14 02:27:53,013 - final_optimizer - INFO - Cache HIT for key: willpower_cost:3:core_type:혼돈:sims:100:crystal_price:8700
2025-09-14 02:27:53,013 - final_optimizer - INFO - Cache HIT for key: willpower_cost:4:core_type:혼돈:sims:100:crystal_price:8700
2025-09-14 02:27:53,014 - final_optimizer - INFO - Cache HIT for key: willpower_cost:4:core_type:혼돈:sims:100:crystal_price:8700
2025-09-14 02:27:53,014 - final_optimizer - INFO - Cache HIT for key: willpower_cost:4:core_type:혼돈:sims:100:crystal_price:8700
2025-09-14 02:27:53,015 - main - INFO - Task 392ce131-da6e-4ac8-9013-9299310b08da: Optimization completed successfully.
2025-09-14 02:27:53,897 - main - INFO - Task 392ce131-da6e-4ac8-9013-9299310b08da finished. Closing WebSocket.
2025-09-14 02:43:40,084 - main - INFO - Request received for /markets/gems
2025-09-14 02:43:40,835 - main - INFO - Request received for /markets/gems
2025-09-14 02:45:27,847 - main - INFO - Request received for /markets/gems
2025-09-14 02:45:28,596 - main - INFO - Request received for /markets/gems
2025-09-14 02:45:48,273 - main - INFO - Task 833e2a98-3047-49c9-8cf5-eb540e4ea5ef has been created and is running in the background.
2025-09-14 02:45:48,275 - main - INFO - Task 833e2a98-3047-49c9-8cf5-eb540e4ea5ef: Starting optimization.
2025-09-14 02:45:48,292 - main - INFO - WebSocket connection established for task 833e2a98-3047-49c9-8cf5-eb540e4ea5ef
2025-09-14 02:45:48,322 - main - INFO - WebSocket connection established for task 833e2a98-3047-49c9-8cf5-eb540e4ea5ef
2025-09-14 02:45:49,025 - final_optimizer - INFO - Cache MISS for key: willpower_cost:3:core_type:혼돈:sims:100:crystal_price:8600. Calculating...
2025-09-14 02:46:13,832 - final_optimizer - INFO - Result for key willpower_cost:3:core_type:혼돈:sims:100:crystal_price:8600 stored in cache.
2025-09-14 02:46:13,832 - final_optimizer - INFO - Cache HIT for key: willpower_cost:3:core_type:혼돈:sims:100:crystal_price:8600
2025-09-14 02:46:13,833 - final_optimizer - INFO - Cache HIT for key: willpower_cost:3:core_type:혼돈:sims:100:crystal_price:8600
2025-09-14 02:46:13,833 - final_optimizer - INFO - Cache MISS for key: willpower_cost:6:core_type:혼돈:sims:100:crystal_price:8600. Calculating...
2025-09-14 02:48:18,761 - final_optimizer - INFO - Result for key willpower_cost:6:core_type:혼돈:sims:100:crystal_price:8600 stored in cache.
2025-09-14 02:48:18,762 - final_optimizer - INFO - Cache HIT for key: willpower_cost:3:core_type:혼돈:sims:100:crystal_price:8600
2025-09-14 02:48:18,762 - final_optimizer - INFO - Cache HIT for key: willpower_cost:3:core_type:혼돈:sims:100:crystal_price:8600
2025-09-14 02:48:18,762 - final_optimizer - INFO - Cache MISS for key: willpower_cost:4:core_type:혼돈:sims:100:crystal_price:8600. Calculating...
2025-09-14 02:49:13,738 - final_optimizer - INFO - Result for key willpower_cost:4:core_type:혼돈:sims:100:crystal_price:8600 stored in cache.
2025-09-14 02:49:13,739 - final_optimizer - INFO - Cache MISS for key: willpower_cost:5:core_type:혼돈:sims:100:crystal_price:8600. Calculating...
2025-09-14 02:51:12,560 - final_optimizer - INFO - Result for key willpower_cost:5:core_type:혼돈:sims:100:crystal_price:8600 stored in cache.
2025-09-14 02:51:12,561 - final_optimizer - INFO - Cache HIT for key: willpower_cost:3:core_type:혼돈:sims:100:crystal_price:8600
2025-09-14 02:51:12,561 - final_optimizer - INFO - Cache HIT for key: willpower_cost:4:core_type:혼돈:sims:100:crystal_price:8600
2025-09-14 02:51:12,562 - final_optimizer - INFO - Cache HIT for key: willpower_cost:4:core_type:혼돈:sims:100:crystal_price:8600
2025-09-14 02:51:12,562 - final_optimizer - INFO - Cache HIT for key: willpower_cost:4:core_type:혼돈:sims:100:crystal_price:8600
2025-09-14 02:51:12,563 - final_optimizer - INFO - Cache HIT for key: willpower_cost:3:core_type:혼돈:sims:100:crystal_price:8600
2025-09-14 02:51:12,563 - final_optimizer - INFO - Cache HIT for key: willpower_cost:3:core_type:혼돈:sims:100:crystal_price:8600
2025-09-14 02:51:12,564 - final_optimizer - INFO - Cache HIT for key: willpower_cost:3:core_type:혼돈:sims:100:crystal_price:8600
2025-09-14 02:51:12,564 - final_optimizer - INFO - Cache MISS for key: willpower_cost:8:core_type:혼돈:sims:100:crystal_price:8600. Calculating...
2025-09-14 02:52:39,977 - final_optimizer - INFO - Result for key willpower_cost:8:core_type:혼돈:sims:100:crystal_price:8600 stored in cache.
2025-09-14 02:52:39,978 - final_optimizer - INFO - Cache HIT for key: willpower_cost:3:core_type:혼돈:sims:100:crystal_price:8600
2025-09-14 02:52:39,978 - final_optimizer - INFO - Cache HIT for key: willpower_cost:3:core_type:혼돈:sims:100:crystal_price:8600
2025-09-14 02:52:39,979 - final_optimizer - INFO - Cache HIT for key: willpower_cost:4:core_type:혼돈:sims:100:crystal_price:8600
2025-09-14 02:52:39,979 - final_optimizer - INFO - Cache MISS for key: willpower_cost:7:core_type:혼돈:sims:100:crystal_price:8600. Calculating...
2025-09-14 02:54:37,492 - final_optimizer - INFO - Result for key willpower_cost:7:core_type:혼돈:sims:100:crystal_price:8600 stored in cache.
2025-09-14 02:54:37,493 - final_optimizer - INFO - Cache HIT for key: willpower_cost:3:core_type:혼돈:sims:100:crystal_price:8600
2025-09-14 02:54:37,493 - final_optimizer - INFO - Cache HIT for key: willpower_cost:3:core_type:혼돈:sims:100:crystal_price:8600
2025-09-14 02:54:37,494 - final_optimizer - INFO - Cache HIT for key: willpower_cost:5:core_type:혼돈:sims:100:crystal_price:8600
2025-09-14 02:54:37,494 - final_optimizer - INFO - Cache HIT for key: willpower_cost:6:core_type:혼돈:sims:100:crystal_price:8600
2025-09-14 02:54:37,494 - final_optimizer - INFO - Cache HIT for key: willpower_cost:3:core_type:혼돈:sims:100:crystal_price:8600
2025-09-14 02:54:37,495 - final_optimizer - INFO - Cache HIT for key: willpower_cost:4:core_type:혼돈:sims:100:crystal_price:8600
2025-09-14 02:54:37,495 - final_optimizer - INFO - Cache HIT for key: willpower_cost:4:core_type:혼돈:sims:100:crystal_price:8600
2025-09-14 02:54:37,496 - final_optimizer - INFO - Cache HIT for key: willpower_cost:6:core_type:혼돈:sims:100:crystal_price:8600
2025-09-14 02:54:37,496 - final_optimizer - INFO - Cache HIT for key: willpower_cost:3:core_type:혼돈:sims:100:crystal_price:8600
2025-09-14 02:54:37,496 - final_optimizer - INFO - Cache HIT for key: willpower_cost:4:core_type:혼돈:sims:100:crystal_price:8600
2025-09-14 02:54:37,497 - final_optimizer - INFO - Cache HIT for key: willpower_cost:5:core_type:혼돈:sims:100:crystal_price:8600
2025-09-14 02:54:37,497 - final_optimizer - INFO - Cache HIT for key: willpower_cost:5:core_type:혼돈:sims:100:crystal_price:8600
2025-09-14 02:54:37,497 - final_optimizer - INFO - Cache HIT for key: willpower_cost:4:core_type:혼돈:sims:100:crystal_price:8600
2025-09-14 02:54:37,498 - final_optimizer - INFO - Cache HIT for key: willpower_cost:4:core_type:혼돈:sims:100:crystal_price:8600
2025-09-14 02:54:37,498 - final_optimizer - INFO - Cache HIT for key: willpower_cost:4:core_type:혼돈:sims:100:crystal_price:8600
2025-09-14 02:54:37,499 - final_optimizer - INFO - Cache HIT for key: willpower_cost:5:core_type:혼돈:sims:100:crystal_price:8600
2025-09-14 02:54:37,499 - final_optimizer - INFO - Cache HIT for key: willpower_cost:3:core_type:혼돈:sims:100:crystal_price:8600
2025-09-14 02:54:37,500 - final_optimizer - INFO - Cache HIT for key: willpower_cost:3:core_type:혼돈:sims:100:crystal_price:8600
2025-09-14 02:54:37,500 - final_optimizer - INFO - Cache HIT for key: willpower_cost:3:core_type:혼돈:sims:100:crystal_price:8600
2025-09-14 02:54:37,501 - final_optimizer - INFO - Cache HIT for key: willpower_cost:8:core_type:혼돈:sims:100:crystal_price:8600
2025-09-14 02:54:37,501 - final_optimizer - INFO - Cache HIT for key: willpower_cost:3:core_type:혼돈:sims:100:crystal_price:8600
2025-09-14 02:54:37,501 - final_optimizer - INFO - Cache HIT for key: willpower_cost:3:core_type:혼돈:sims:100:crystal_price:8600
2025-09-14 02:54:37,502 - final_optimizer - INFO - Cache HIT for key: willpower_cost:4:core_type:혼돈:sims:100:crystal_price:8600
2025-09-14 02:54:37,502 - final_optimizer - INFO - Cache HIT for key: willpower_cost:7:core_type:혼돈:sims:100:crystal_price:8600
2025-09-14 02:54:37,503 - final_optimizer - INFO - Cache HIT for key: willpower_cost:3:core_type:혼돈:sims:100:crystal_price:8600
2025-09-14 02:54:37,503 - final_optimizer - INFO - Cache HIT for key: willpower_cost:3:core_type:혼돈:sims:100:crystal_price:8600
2025-09-14 02:54:37,503 - final_optimizer - INFO - Cache HIT for key: willpower_cost:5:core_type:혼돈:sims:100:crystal_price:8600
2025-09-14 02:54:37,504 - final_optimizer - INFO - Cache HIT for key: willpower_cost:6:core_type:혼돈:sims:100:crystal_price:8600
2025-09-14 02:54:37,504 - final_optimizer - INFO - Cache HIT for key: willpower_cost:3:core_type:혼돈:sims:100:crystal_price:8600
2025-09-14 02:54:37,504 - final_optimizer - INFO - Cache HIT for key: willpower_cost:4:core_type:혼돈:sims:100:crystal_price:8600
2025-09-14 02:54:37,505 - final_optimizer - INFO - Cache HIT for key: willpower_cost:4:core_type:혼돈:sims:100:crystal_price:8600
2025-09-14 02:54:37,506 - final_optimizer - INFO - Cache HIT for key: willpower_cost:6:core_type:혼돈:sims:100:crystal_price:8600
2025-09-14 02:54:37,506 - final_optimizer - INFO - Cache HIT for key: willpower_cost:3:core_type:혼돈:sims:100:crystal_price:8600
2025-09-14 02:54:37,506 - final_optimizer - INFO - Cache HIT for key: willpower_cost:4:core_type:혼돈:sims:100:crystal_price:8600
2025-09-14 02:54:37,507 - final_optimizer - INFO - Cache HIT for key: willpower_cost:5:core_type:혼돈:sims:100:crystal_price:8600
2025-09-14 02:54:37,507 - final_optimizer - INFO - Cache HIT for key: willpower_cost:5:core_type:혼돈:sims:100:crystal_price:8600
2025-09-14 02:54:37,508 - final_optimizer - INFO - Cache HIT for key: willpower_cost:4:core_type:혼돈:sims:100:crystal_price:8600
2025-09-14 02:54:37,508 - final_optimizer - INFO - Cache HIT for key: willpower_cost:4:core_type:혼돈:sims:100:crystal_price:8600
2025-09-14 02:54:37,508 - final_optimizer - INFO - Cache HIT for key: willpower_cost:4:core_type:혼돈:sims:100:crystal_price:8600
2025-09-14 02:54:37,509 - final_optimizer - INFO - Cache HIT for key: willpower_cost:5:core_type:혼돈:sims:100:crystal_price:8600
2025-09-14 02:54:37,509 - main - INFO - Task 833e2a98-3047-49c9-8cf5-eb540e4ea5ef: Optimization completed successfully.
2025-09-14 02:54:37,545 - main - INFO - Task 833e2a98-3047-49c9-8cf5-eb540e4ea5ef finished. Closing WebSocket.
2025-09-14 02:54:37,597 - main - WARNING - WebSocket connection closed for task 833e2a98-3047-49c9-8cf5-eb540e4ea5ef
2025-09-14 03:03:18,962 - main - INFO - Request received for /markets/gems
2025-09-14 03:03:19,765 - main - INFO - Request received for /markets/gems
2025-09-14 03:19:33,806 - main - INFO - Request received for /markets/gems
2025-09-14 03:19:34,556 - main - INFO - Request received for /markets/gems
2025-09-14 03:21:49,371 - main - INFO - Request received for /markets/gems
2025-09-14 03:21:50,092 - main - INFO - Request received for /markets/gems
2025-09-14 03:23:26,806 - main - INFO - Request received for /markets/gems
2025-09-14 03:23:27,526 - main - INFO - Request received for /markets/gems
2025-09-14 03:23:29,994 - main - INFO - Request received for /markets/gems
2025-09-14 03:23:30,717 - main - INFO - Request received for /markets/gems
2025-09-14 03:24:31,469 - main - INFO - Request received for /markets/gems
2025-09-14 03:24:32,204 - main - INFO - Request received for /markets/gems
2025-09-14 03:27:16,724 - main - INFO - Request received for /markets/gems
2025-09-14 03:27:17,445 - main - INFO - Request received for /markets/gems
2025-09-14 04:00:57,256 - main - INFO - Request received for /markets/gems
2025-09-14 04:00:58,044 - main - INFO - Request received for /markets/gems
2025-09-14 04:42:24,880 - main - INFO - Request received for /markets/gems
2025-09-14 04:42:25,661 - main - INFO - Request received for /markets/gems
2025-09-14 05:03:10,205 - main - INFO - Request received for /markets/gems
2025-09-14 05:03:11,553 - main - INFO - Request received for /markets/gems
2025-09-14 05:10:14,490 - main - INFO - Request received for /markets/gems
2025-09-14 05:10:15,245 - main - INFO - Request received for /markets/gems
2025-09-14 05:11:41,569 - main - INFO - Task ee3d9fde-473b-4a9f-b07a-c9052f872cb1 has been created and is running in the background.
2025-09-14 05:11:41,574 - main - INFO - Task ee3d9fde-473b-4a9f-b07a-c9052f872cb1: Starting optimization.
2025-09-14 05:11:41,591 - main - INFO - WebSocket connection established for task ee3d9fde-473b-4a9f-b07a-c9052f872cb1
2025-09-14 05:11:41,613 - main - INFO - WebSocket connection established for task ee3d9fde-473b-4a9f-b07a-c9052f872cb1
2025-09-14 05:11:42,329 - final_optimizer - INFO - Cache MISS for key: willpower_cost:3:core_type:질서:sims:100:crystal_price:8600. Calculating...
2025-09-14 05:12:07,451 - final_optimizer - INFO - Result for key willpower_cost:3:core_type:질서:sims:100:crystal_price:8600 stored in cache.
2025-09-14 05:12:07,452 - final_optimizer - INFO - Cache HIT for key: willpower_cost:3:core_type:질서:sims:100:crystal_price:8600
2025-09-14 05:12:07,453 - final_optimizer - INFO - Cache MISS for key: willpower_cost:8:core_type:질서:sims:100:crystal_price:8600. Calculating...
2025-09-14 05:12:54,933 - final_optimizer - INFO - Result for key willpower_cost:8:core_type:질서:sims:100:crystal_price:8600 stored in cache.
2025-09-14 05:12:54,934 - final_optimizer - INFO - Cache HIT for key: willpower_cost:3:core_type:질서:sims:100:crystal_price:8600
2025-09-14 05:12:54,935 - final_optimizer - INFO - Cache MISS for key: willpower_cost:4:core_type:질서:sims:100:crystal_price:8600. Calculating...
2025-09-14 05:13:45,720 - final_optimizer - INFO - Result for key willpower_cost:4:core_type:질서:sims:100:crystal_price:8600 stored in cache.
2025-09-14 05:13:45,720 - final_optimizer - INFO - Cache MISS for key: willpower_cost:7:core_type:질서:sims:100:crystal_price:8600. Calculating...
2025-09-14 05:15:06,188 - final_optimizer - INFO - Result for key willpower_cost:7:core_type:질서:sims:100:crystal_price:8600 stored in cache.
2025-09-14 05:15:06,188 - final_optimizer - INFO - Cache HIT for key: willpower_cost:3:core_type:질서:sims:100:crystal_price:8600
2025-09-14 05:15:06,189 - final_optimizer - INFO - Cache MISS for key: willpower_cost:5:core_type:질서:sims:100:crystal_price:8600. Calculating...
2025-09-14 05:16:27,881 - final_optimizer - INFO - Result for key willpower_cost:5:core_type:질서:sims:100:crystal_price:8600 stored in cache.
2025-09-14 05:16:27,881 - final_optimizer - INFO - Cache MISS for key: willpower_cost:6:core_type:질서:sims:100:crystal_price:8600. Calculating...
2025-09-14 05:17:49,057 - final_optimizer - INFO - Result for key willpower_cost:6:core_type:질서:sims:100:crystal_price:8600 stored in cache.
2025-09-14 05:17:49,058 - final_optimizer - INFO - Cache HIT for key: willpower_cost:4:core_type:질서:sims:100:crystal_price:8600
2025-09-14 05:17:49,058 - final_optimizer - INFO - Cache HIT for key: willpower_cost:4:core_type:질서:sims:100:crystal_price:8600
2025-09-14 05:17:49,059 - final_optimizer - INFO - Cache HIT for key: willpower_cost:6:core_type:질서:sims:100:crystal_price:8600
2025-09-14 05:17:49,059 - final_optimizer - INFO - Cache HIT for key: willpower_cost:4:core_type:질서:sims:100:crystal_price:8600
2025-09-14 05:17:49,059 - final_optimizer - INFO - Cache HIT for key: willpower_cost:5:core_type:질서:sims:100:crystal_price:8600
2025-09-14 05:17:49,060 - final_optimizer - INFO - Cache HIT for key: willpower_cost:5:core_type:질서:sims:100:crystal_price:8600
2025-09-14 05:17:49,061 - final_optimizer - INFO - Cache HIT for key: willpower_cost:3:core_type:질서:sims:100:crystal_price:8600
2025-09-14 05:17:49,062 - final_optimizer - INFO - Cache HIT for key: willpower_cost:3:core_type:질서:sims:100:crystal_price:8600
2025-09-14 05:17:49,062 - final_optimizer - INFO - Cache HIT for key: willpower_cost:8:core_type:질서:sims:100:crystal_price:8600
2025-09-14 05:17:49,063 - final_optimizer - INFO - Cache HIT for key: willpower_cost:3:core_type:질서:sims:100:crystal_price:8600
2025-09-14 05:17:49,063 - final_optimizer - INFO - Cache HIT for key: willpower_cost:4:core_type:질서:sims:100:crystal_price:8600
2025-09-14 05:17:49,063 - final_optimizer - INFO - Cache HIT for key: willpower_cost:7:core_type:질서:sims:100:crystal_price:8600
2025-09-14 05:17:49,064 - final_optimizer - INFO - Cache HIT for key: willpower_cost:3:core_type:질서:sims:100:crystal_price:8600
2025-09-14 05:17:49,064 - final_optimizer - INFO - Cache HIT for key: willpower_cost:5:core_type:질서:sims:100:crystal_price:8600
2025-09-14 05:17:49,065 - final_optimizer - INFO - Cache HIT for key: willpower_cost:6:core_type:질서:sims:100:crystal_price:8600
2025-09-14 05:17:49,065 - final_optimizer - INFO - Cache HIT for key: willpower_cost:4:core_type:질서:sims:100:crystal_price:8600
2025-09-14 05:17:49,065 - final_optimizer - INFO - Cache HIT for key: willpower_cost:4:core_type:질서:sims:100:crystal_price:8600
2025-09-14 05:17:49,066 - final_optimizer - INFO - Cache HIT for key: willpower_cost:6:core_type:질서:sims:100:crystal_price:8600
2025-09-14 05:17:49,066 - final_optimizer - INFO - Cache HIT for key: willpower_cost:4:core_type:질서:sims:100:crystal_price:8600
2025-09-14 05:17:49,067 - final_optimizer - INFO - Cache HIT for key: willpower_cost:5:core_type:질서:sims:100:crystal_price:8600
2025-09-14 05:17:49,067 - final_optimizer - INFO - Cache HIT for key: willpower_cost:5:core_type:질서:sims:100:crystal_price:8600
2025-09-14 05:17:49,067 - main - INFO - Task ee3d9fde-473b-4a9f-b07a-c9052f872cb1: Optimization completed successfully.
2025-09-14 05:17:49,205 - main - INFO - Task ee3d9fde-473b-4a9f-b07a-c9052f872cb1 finished. Closing WebSocket.
2025-09-14 06:06:56,597 - main - INFO - Request received for /markets/gems
2025-09-14 06:06:57,396 - main - INFO - Request received for /markets/gems
2025-09-14 09:33:16,496 - main - INFO - Request received for /markets/gems
2025-09-14 09:33:17,258 - main - INFO - Request received for /markets/gems
